<?xml version="1.0" encoding="UTF-8"?>
<robot generator="Robot 5.0.1 (Python 3.10.5 on win32)" generated="20220621 16:46:53.381" rpa="false" schemaversion="3">
<suite id="s1" name="Login" source="D:\belajar\dojobox\TestingUsingRobot\login.robot">
<test id="s1-t1" name="I'm login with valid email and valid password" line="20">
<kw name="Open Browser" library="SeleniumLibrary" type="SETUP">
<arg>${base_url}</arg>
<arg>${browser_type}</arg>
<doc>Opens a new browser instance to the optional ``url``.</doc>
<msg timestamp="20220621 16:46:54.132" level="INFO">Opening browser 'chrome' to base url 'https://pub-eish-dev.keponet.com/frontend/login'.</msg>
<status status="PASS" starttime="20220621 16:46:54.131" endtime="20220621 16:47:07.287"/>
</kw>
<kw name="Maximize Browser Window" library="SeleniumLibrary">
<doc>Maximizes current browser window.</doc>
<status status="PASS" starttime="20220621 16:47:07.290" endtime="20220621 16:47:07.483"/>
</kw>
<kw name="Input Text" library="SeleniumLibrary">
<arg>//input[@id="email"]</arg>
<arg>${user}</arg>
<doc>Types the given ``text`` into the text field identified by ``locator``.</doc>
<msg timestamp="20220621 16:47:07.487" level="INFO">Typing text 'jenareishsatu@yopmail.com' into text field '//input[@id="email"]'.</msg>
<status status="PASS" starttime="20220621 16:47:07.485" endtime="20220621 16:47:07.726"/>
</kw>
<kw name="Input Text" library="SeleniumLibrary">
<arg>//input[@id="password"]</arg>
<arg>${pass}</arg>
<doc>Types the given ``text`` into the text field identified by ``locator``.</doc>
<msg timestamp="20220621 16:47:07.729" level="INFO">Typing text '12345678' into text field '//input[@id="password"]'.</msg>
<status status="PASS" starttime="20220621 16:47:07.727" endtime="20220621 16:47:07.957"/>
</kw>
<kw name="Click Element" library="SeleniumLibrary">
<arg>//button[@type="submit"]</arg>
<doc>Click the element identified by ``locator``.</doc>
<msg timestamp="20220621 16:47:07.960" level="INFO">Clicking element '//button[@type="submit"]'.</msg>
<status status="PASS" starttime="20220621 16:47:07.959" endtime="20220621 16:47:09.112"/>
</kw>
<kw name="Element Should Be Visible" library="SeleniumLibrary">
<arg>//img[@id="menu-logo"]</arg>
<doc>Verifies that the element identified by ``locator`` is visible.</doc>
<msg timestamp="20220621 16:47:09.188" level="INFO">Element '//img[@id="menu-logo"]' is displayed.</msg>
<status status="PASS" starttime="20220621 16:47:09.114" endtime="20220621 16:47:09.189"/>
</kw>
<kw name="Close Browser" library="SeleniumLibrary" type="TEARDOWN">
<doc>Closes the current browser.</doc>
<status status="PASS" starttime="20220621 16:47:09.190" endtime="20220621 16:47:11.938"/>
</kw>
<status status="PASS" starttime="20220621 16:46:54.129" endtime="20220621 16:47:11.939"/>
</test>
<test id="s1-t2" name="I'm login with valid email and invalid password" line="32">
<kw name="Open Browser" library="SeleniumLibrary" type="SETUP">
<arg>${base_url}</arg>
<arg>${browser_type}</arg>
<doc>Opens a new browser instance to the optional ``url``.</doc>
<msg timestamp="20220621 16:47:11.950" level="INFO">Opening browser 'chrome' to base url 'https://pub-eish-dev.keponet.com/frontend/login'.</msg>
<status status="PASS" starttime="20220621 16:47:11.948" endtime="20220621 16:47:22.409"/>
</kw>
<kw name="Maximize Browser Window" library="SeleniumLibrary">
<doc>Maximizes current browser window.</doc>
<status status="PASS" starttime="20220621 16:47:22.410" endtime="20220621 16:47:22.596"/>
</kw>
<kw name="Input Text" library="SeleniumLibrary">
<arg>//input[@id="email"]</arg>
<arg>${user}</arg>
<doc>Types the given ``text`` into the text field identified by ``locator``.</doc>
<msg timestamp="20220621 16:47:22.601" level="INFO">Typing text 'jenareishsatu@yopmail.com' into text field '//input[@id="email"]'.</msg>
<status status="PASS" starttime="20220621 16:47:22.598" endtime="20220621 16:47:22.852"/>
</kw>
<kw name="Input Text" library="SeleniumLibrary">
<arg>//input[@id="password"]</arg>
<arg>salahpassword</arg>
<doc>Types the given ``text`` into the text field identified by ``locator``.</doc>
<msg timestamp="20220621 16:47:22.854" level="INFO">Typing text 'salahpassword' into text field '//input[@id="password"]'.</msg>
<status status="PASS" starttime="20220621 16:47:22.853" endtime="20220621 16:47:23.041"/>
</kw>
<kw name="Click Element" library="SeleniumLibrary">
<arg>//button[@type="submit"]</arg>
<doc>Click the element identified by ``locator``.</doc>
<msg timestamp="20220621 16:47:23.043" level="INFO">Clicking element '//button[@type="submit"]'.</msg>
<status status="PASS" starttime="20220621 16:47:23.042" endtime="20220621 16:47:23.584"/>
</kw>
<kw name="Element Should Contain" library="SeleniumLibrary">
<arg>//div[@class="alert alert-danger text-danger"]</arg>
<arg>${error_message}</arg>
<doc>Verifies that element ``locator`` contains text ``expected``.</doc>
<msg timestamp="20220621 16:47:23.654" level="INFO">Element '//div[@class="alert alert-danger text-danger"]' contains text 'Email yang dimasukkan atau password salah, silahkan cek input anda.'.</msg>
<status status="PASS" starttime="20220621 16:47:23.585" endtime="20220621 16:47:23.654"/>
</kw>
<kw name="Close Browser" library="SeleniumLibrary" type="TEARDOWN">
<doc>Closes the current browser.</doc>
<status status="PASS" starttime="20220621 16:47:23.655" endtime="20220621 16:47:26.122"/>
</kw>
<status status="PASS" starttime="20220621 16:47:11.945" endtime="20220621 16:47:26.123"/>
</test>
<test id="s1-t3" name="I'm login with email not registered and valid password" line="44">
<kw name="Open Browser" library="SeleniumLibrary" type="SETUP">
<arg>${base_url}</arg>
<arg>${browser_type}</arg>
<doc>Opens a new browser instance to the optional ``url``.</doc>
<msg timestamp="20220621 16:47:26.133" level="INFO">Opening browser 'chrome' to base url 'https://pub-eish-dev.keponet.com/frontend/login'.</msg>
<status status="PASS" starttime="20220621 16:47:26.131" endtime="20220621 16:47:38.029"/>
</kw>
<kw name="Maximize Browser Window" library="SeleniumLibrary">
<doc>Maximizes current browser window.</doc>
<status status="PASS" starttime="20220621 16:47:38.030" endtime="20220621 16:47:38.186"/>
</kw>
<kw name="Input Text" library="SeleniumLibrary">
<arg>//input[@id="email"]</arg>
<arg>${not_user}</arg>
<doc>Types the given ``text`` into the text field identified by ``locator``.</doc>
<msg timestamp="20220621 16:47:38.188" level="INFO">Typing text 'atikah@yopmail.com' into text field '//input[@id="email"]'.</msg>
<status status="PASS" starttime="20220621 16:47:38.187" endtime="20220621 16:47:38.441"/>
</kw>
<kw name="Input Text" library="SeleniumLibrary">
<arg>//input[@id="password"]</arg>
<arg>${pass}</arg>
<doc>Types the given ``text`` into the text field identified by ``locator``.</doc>
<msg timestamp="20220621 16:47:38.442" level="INFO">Typing text '12345678' into text field '//input[@id="password"]'.</msg>
<status status="PASS" starttime="20220621 16:47:38.441" endtime="20220621 16:47:38.646"/>
</kw>
<kw name="Click Element" library="SeleniumLibrary">
<arg>//button[@type="submit"]</arg>
<doc>Click the element identified by ``locator``.</doc>
<msg timestamp="20220621 16:47:38.648" level="INFO">Clicking element '//button[@type="submit"]'.</msg>
<status status="PASS" starttime="20220621 16:47:38.648" endtime="20220621 16:47:39.170"/>
</kw>
<kw name="Element Should Be Visible" library="SeleniumLibrary">
<arg>//input[@class="form-control is-invalid"]</arg>
<doc>Verifies that the element identified by ``locator`` is visible.</doc>
<msg timestamp="20220621 16:47:39.233" level="INFO">Element '//input[@class="form-control is-invalid"]' is displayed.</msg>
<status status="PASS" starttime="20220621 16:47:39.172" endtime="20220621 16:47:39.234"/>
</kw>
<kw name="Close Browser" library="SeleniumLibrary" type="TEARDOWN">
<doc>Closes the current browser.</doc>
<status status="PASS" starttime="20220621 16:47:39.235" endtime="20220621 16:47:41.647"/>
</kw>
<status status="PASS" starttime="20220621 16:47:26.127" endtime="20220621 16:47:41.648"/>
</test>
<test id="s1-t4" name="I'm forget password with invalid email" line="56">
<kw name="Open Browser" library="SeleniumLibrary" type="SETUP">
<arg>${base_url}</arg>
<arg>${browser_type}</arg>
<doc>Opens a new browser instance to the optional ``url``.</doc>
<msg timestamp="20220621 16:47:41.657" level="INFO">Opening browser 'chrome' to base url 'https://pub-eish-dev.keponet.com/frontend/login'.</msg>
<status status="PASS" starttime="20220621 16:47:41.656" endtime="20220621 16:47:59.605"/>
</kw>
<kw name="Maximize Browser Window" library="SeleniumLibrary">
<doc>Maximizes current browser window.</doc>
<status status="PASS" starttime="20220621 16:47:59.607" endtime="20220621 16:47:59.802"/>
</kw>
<kw name="Click Element" library="SeleniumLibrary">
<arg>//p[@id="forgot-password-container"]</arg>
<doc>Click the element identified by ``locator``.</doc>
<msg timestamp="20220621 16:47:59.803" level="INFO">Clicking element '//p[@id="forgot-password-container"]'.</msg>
<status status="PASS" starttime="20220621 16:47:59.802" endtime="20220621 16:48:00.294"/>
</kw>
<kw name="Input Text" library="SeleniumLibrary">
<arg>//input[@id="email"]</arg>
<arg>${invalid_user}</arg>
<doc>Types the given ``text`` into the text field identified by ``locator``.</doc>
<msg timestamp="20220621 16:48:00.304" level="INFO">Typing text 'atikah' into text field '//input[@id="email"]'.</msg>
<status status="PASS" starttime="20220621 16:48:00.303" endtime="20220621 16:48:00.512"/>
</kw>
<kw name="Click Element" library="SeleniumLibrary">
<arg>//button[@type="submit"]</arg>
<doc>Click the element identified by ``locator``.</doc>
<msg timestamp="20220621 16:48:00.515" level="INFO">Clicking element '//button[@type="submit"]'.</msg>
<status status="PASS" starttime="20220621 16:48:00.514" endtime="20220621 16:48:01.047"/>
</kw>
<kw name="Element Should Contain" library="SeleniumLibrary">
<arg>//span[@class="invalid-feedback"]</arg>
<arg>${error_message_inv_mail}</arg>
<doc>Verifies that element ``locator`` contains text ``expected``.</doc>
<msg timestamp="20220621 16:48:01.101" level="INFO">Element '//span[@class="invalid-feedback"]' contains text 'The email must be a valid email address.'.</msg>
<status status="PASS" starttime="20220621 16:48:01.049" endtime="20220621 16:48:01.101"/>
</kw>
<kw name="Close Browser" library="SeleniumLibrary" type="TEARDOWN">
<doc>Closes the current browser.</doc>
<status status="PASS" starttime="20220621 16:48:01.102" endtime="20220621 16:48:03.486"/>
</kw>
<status status="PASS" starttime="20220621 16:47:41.653" endtime="20220621 16:48:03.487"/>
</test>
<test id="s1-t5" name="I'm forget password with not registered email" line="69">
<kw name="Open Browser" library="SeleniumLibrary" type="SETUP">
<arg>${base_url}</arg>
<arg>${browser_type}</arg>
<doc>Opens a new browser instance to the optional ``url``.</doc>
<msg timestamp="20220621 16:48:03.497" level="INFO">Opening browser 'chrome' to base url 'https://pub-eish-dev.keponet.com/frontend/login'.</msg>
<status status="PASS" starttime="20220621 16:48:03.495" endtime="20220621 16:48:20.228"/>
</kw>
<kw name="Maximize Browser Window" library="SeleniumLibrary">
<doc>Maximizes current browser window.</doc>
<status status="PASS" starttime="20220621 16:48:20.244" endtime="20220621 16:48:20.409"/>
</kw>
<kw name="Click Element" library="SeleniumLibrary">
<arg>//p[@id="forgot-password-container"]</arg>
<doc>Click the element identified by ``locator``.</doc>
<msg timestamp="20220621 16:48:20.413" level="INFO">Clicking element '//p[@id="forgot-password-container"]'.</msg>
<status status="PASS" starttime="20220621 16:48:20.412" endtime="20220621 16:48:20.887"/>
</kw>
<kw name="Input Text" library="SeleniumLibrary">
<arg>//input[@id="email"]</arg>
<arg>${not_user}</arg>
<doc>Types the given ``text`` into the text field identified by ``locator``.</doc>
<msg timestamp="20220621 16:48:20.890" level="INFO">Typing text 'atikah@yopmail.com' into text field '//input[@id="email"]'.</msg>
<status status="PASS" starttime="20220621 16:48:20.889" endtime="20220621 16:48:21.166"/>
</kw>
<kw name="Click Element" library="SeleniumLibrary">
<arg>//button[@type="submit"]</arg>
<doc>Click the element identified by ``locator``.</doc>
<msg timestamp="20220621 16:48:21.168" level="INFO">Clicking element '//button[@type="submit"]'.</msg>
<status status="PASS" starttime="20220621 16:48:21.167" endtime="20220621 16:48:21.563"/>
</kw>
<kw name="Element Should Contain" library="SeleniumLibrary">
<arg>//span[@class="invalid-feedback"]</arg>
<arg>${error_message_not_mail}</arg>
<doc>Verifies that element ``locator`` contains text ``expected``.</doc>
<msg timestamp="20220621 16:48:21.612" level="INFO">Element '//span[@class="invalid-feedback"]' contains text 'The selected email is invalid.'.</msg>
<status status="PASS" starttime="20220621 16:48:21.564" endtime="20220621 16:48:21.613"/>
</kw>
<kw name="Close Browser" library="SeleniumLibrary" type="TEARDOWN">
<doc>Closes the current browser.</doc>
<status status="PASS" starttime="20220621 16:48:21.614" endtime="20220621 16:48:24.210"/>
</kw>
<status status="PASS" starttime="20220621 16:48:03.492" endtime="20220621 16:48:24.211"/>
</test>
<status status="PASS" starttime="20220621 16:46:53.388" endtime="20220621 16:48:24.215"/>
</suite>
<statistics>
<total>
<stat pass="5" fail="0" skip="0">All Tests</stat>
</total>
<tag>
</tag>
<suite>
<stat pass="5" fail="0" skip="0" id="s1" name="Login">Login</stat>
</suite>
</statistics>
<errors>
</errors>
</robot>
